1535464786777	geckodriver	INFO	geckodriver 0.21.0
1535464786790	geckodriver	INFO	Listening on 127.0.0.1:51868
1535464789856	mozrunner::runner	INFO	Running command: "C:\\Program Files\\Mozilla Firefox\\firefox.exe" "-marionette" "-foreground" "-no-remote" "-profile" "C:\\Users\\subha\\AppData\\Local\\Temp\\rust_mozprofile.kRZ8K0HMwjwR"
Unable to read VR Path Registry from C:\Users\subha\AppData\Local\openvr\openvrpaths.vrpath
Unable to read VR Path Registry from C:\Users\subha\AppData\Local\openvr\openvrpaths.vrpath
Unable to read VR Path Registry from C:\Users\subha\AppData\Local\openvr\openvrpaths.vrpath
Unable to read VR Path Registry from C:\Users\subha\AppData\Local\openvr\openvrpaths.vrpath
Unable to read VR Path Registry from C:\Users\subha\AppData\Local\openvr\openvrpaths.vrpath
1535464792915	Marionette	INFO	Listening on port 51877
1535464793134	Marionette	WARN	TLS certificate errors will be ignored for this session
JavaScript error: resource://devtools/shared/base-loader.js -> resource://devtools/client/framework/toolbox.js, line 1267: TypeError: currentPanel is undefined
[Parent 3996, Gecko_IOThread] WARNING: pipe error: 109: file z:/build/build/src/ipc/chromium/src/chrome/common1535464927775	mozrunner::runner	INFO	Running command: "C:\\Program Files\\Mozilla Firefox\\firefox.exe" "-marionette" "-foreground" "-no-remote" "-profile" "C:\\Users\\subha\\AppData\\Local\\Temp\\rust_mozprofile.UauyyAtq24FD"
Unable to read VR Path Registry from C:\Users\subha\AppData\Local\openvr\openvrpaths.vrpath
Unable to read VR Path Registry from C:\Users\subha\AppData\Local\openvr\openvrpaths.vrpath
Unable to read VR Path Registry from C:\Users\subha\AppData\Local\openvr\openvrpaths.vrpath
Unable to read VR Path Registry from C:\Users\subha\AppData\Local\openvr\openvrpaths.vrpath
Unable to read VR Path Registry from C:\Users\subha\AppData\Local\openvr\openvrpaths.vrpath
1535464930645	Marionette	INFO	Listening on port 51942
1535464931087	Marionette	WARN	TLS certificate errors will be ignored for this session
[Parent 8152, Gecko_IOThread] WARNING: pipe error: 109: file z:/build/build/src/ipc/chromium/src/chrome/common/ipc_channel_win.cc, line 346
[Parent 8152, Gecko_IOThread] WARNING: pipe error: 109: file z:/build/build/src/ipc/chromium/src/chrome/common/ipc_channel_win.cc, line 346
[Child 2492, Chrome_ChildThread] WARNING: pipe error: 109: file z:/build/build/src/ipc/chromium/src/chrome/common/ipc_channel_win.cc, line 346
[Child 2492, Chrome_ChildThread]
###!!! [Child][MessageChannel::SendAndWait] Error: Channel error: cannot send/recv


IPDL protocol error: Handler returned error code!

###!!! [Parent][DispatchAsyncMessage] Error: PLayerTransaction::Msg_ReleaseLayer Processing error: message was deserialized, but the handler returned false (indicating failure)

[Parent 3996, Gecko_IOThread] WARNING: pipe error: 109: file z:/build/build/src/ipc/chromium/src/chrome/common/ipc_channel_win.cc, line 346
[Child 1784, Chrome_ChildThread] WARNING: pipe error: 109: file z:/build/build/src/ipc/chromium/src/chrome/common/ipc_channel_win.cc, line 346
[Child 1784, Chrome_ChildThread] WARNING: pipe error: 109: file z:/build/build/src/ipc/chromium/src/chrome/common/ipc_channel_win.cc, line 346
[GPU 4884, Chrome_ChildThread] WARNING: pipe error: 109:
###!!! [Child][MessageChannel::SendAndWait] Error: Channel error: cannot send/recv

1535465283102	geckodriver	INFO	geckodriver 0.21.0
1535465283122	geckodriver	INFO	Listening on 127.0.0.1:52018
1535465286194	mozrunner::runner	INFO	Running command: "C:\\Program Files\\Mozilla Firefox\\firefox.exe" "-marionette" "-foreground" "-no-remote" "-profile" "C:\\Users\\subha\\AppData\\Local\\Temp\\rust_mozprofile.BVrJI2oEPuwm"
Unable to read VR Path Registry from C:\Users\subha\AppData\Local\openvr\openvrpaths.vrpath
Unable to read VR Path Registry from C:\Users\subha\AppData\Local\openvr\openvrpaths.vrpath
Unable to read VR Path Registry from C:\Users\subha\AppData\Local\openvr\openvrpaths.vrpath
Unable to read VR Path Registry from C:\Users\subha\AppData\Local\openvr\openvrpaths.vrpath
Unable to read VR Path Registry from C:\Users\subha\AppData\Local\openvr\openvrpaths.vrpath
1535465289110	Marionette	INFO	Listening on port 52026
1535465289456	Marionette	WARN	TLS certificate errors will be ignored for this session
[Parent 13984, Gecko_IOThread] WARNING: pipe error: 109: file z:/build/build/src/ipc/chromium/src/chrome/common/ipc_channel_win.cc, line 346
[Child 1968, Chrome_ChildThread] WARNING: pipe error: 109: file z[Parent 13984, Gecko_IOThread] WARNING: pipe error: 109: file:/build/build/src/ipc/chromium/src/chrome/common/ipc_channel_win.cc, line 346
 z:/build/build/src/ipc/chromium/src/chrome/common/ipc_channel_win.cc, line 346
1535465355100	addons.productaddons	WARN	Failed downloading via XHR, status: 0, reason: error
[Child 4052, Chrome_ChildThread] WARNING: pipe error: 109: file z:/build/build/src/ipc/chromium/src/chrome/common/ipc_channel_win.cc, line 346
[Child 4052, Chrome_ChildThread] WARNING: pipe error: 109: file z:/build/build/[Parent 13984, Gecko_IOThread] WARNING: pipe error: 109: file z:/build/build/src/ipc/chromium/src/chrome/common/ipc_channel_win.cc, line 346
[Child 12720, Chrome_ChildThread] WARNING: pipe error: 109: file z:/build/build/src/ipc/chromium/src/chrome/common/ipc_channel_win.cc, line 346
[Child 12720, Chrome_ChildThread] WARNING: pipe error: 109: file z:/build/build/src/ipc/chromium/src/chrome/common/ipc_channel_win.cc, line 346
[GPU 134
###!!! [Child][MessageChannel::SendAndWait] Error: Channel error: cannot send/recv

1535465879550	geckodriver	INFO	geckodriver 0.21.0
1535465879582	geckodriver	INFO	Listening on 127.0.0.1:52146
1535465882641	mozrunner::runner	INFO	Running command: "C:\\Program Files\\Mozilla Firefox\\firefox.exe" "-marionette" "-foreground" "-no-remote" "-profile" "C:\\Users\\subha\\AppData\\Local\\Temp\\rust_mozprofile.iX8HDNuLjXvZ"
Unable to read VR Path Registry from C:\Users\subha\AppData\Local\openvr\openvrpaths.vrpath
Unable to read VR Path Registry from C:\Users\subha\AppData\Local\openvr\openvrpaths.vrpath
Unable to read VR Path Registry from C:\Users\subha\AppData\Local\openvr\openvrpaths.vrpath
Unable to read VR Path Registry from C:\Users\subha\AppData\Local\openvr\openvrpaths.vrpath
Unable to read VR Path Registry from C:\Users\subha\AppData\Local\openvr\openvrpaths.vrpath
1535465885104	Marionette	INFO	Listening on port 52154
1535465885398	Marionette	WARN	TLS certificate errors will be ignored for this session
[Parent 208, Gecko_IOThread] WARNING: pipe error: 109: file z:/build/build/src/ipc/chromium/src/chrome/common/ipc_channel_win.cc, line 346
[Child 10508, Chrome_ChildThread] WARNING: pipe error: 109: file z:/build/build/src/ipc/chromium/src/chrome/common/ipc_channel_win.cc, line 346
[Child 10508, Chrome_ChildThread] WARNING: pipe error: 109: [Parent 208, Gecko_IOThread] WARNING: pipe error: 109: file z:/build/build/src/ipc/chromium/src/chrome/common/ipc_channel_win.cc, line 346
[Child 700, Chrome_ChildThread] WARNING: pipe error: 109: file z:/build/build/src/ipc/chromium/src/chrome/common/ipc_channel_win.cc, line 346
[Child 700, Chrome_ChildThread] WARNING: pipe error: 109: file z:/build/build/src/ipc/chromium/src/chrome/common/ipc*** UTM:SVC TimerManager:registerTimer called after profile-before-change notification. Ignoring timer registration for id: telemetry_modules_ping

###!!! [Child][MessageChannel::SendAndWait] Error: Channel error: cannot send/recv

1535641263419	geckodriver	INFO	geckodriver 0.21.0
1535641263467	geckodriver	INFO	Listening on 127.0.0.1:58608
1535641266606	mozrunner::runner	INFO	Running command: "C:\\Program Files\\Mozilla Firefox\\firefox.exe" "-marionette" "-foreground" "-no-remote" "-profile" "C:\\Users\\subha\\AppData\\Local\\Temp\\rust_mozprofile.AYnDd887KNoo"
Unable to read VR Path Registry from C:\Users\subha\AppData\Local\openvr\openvrpaths.vrpath
Unable to read VR Path Registry from C:\Users\subha\AppData\Local\openvr\openvrpaths.vrpath
Unable to read VR Path Registry from C:\Users\subha\AppData\Local\openvr\openvrpaths.vrpath
Unable to read VR Path Registry from C:\Users\subha\AppData\Local\openvr\openvrpaths.vrpath
Unable to read VR Path Registry from C:\Users\subha\AppData\Local\openvr\openvrpaths.vrpath
1535641271549	Marionette	INFO	Listening on port 58616
1535641271586	Marionette	WARN	TLS certificate errors will be ignored for this session
[Child 12932, Chrome_ChildThread] WARNING: pipe error: 109: file z:/build/build/src/ipc/chromium/src/chrome/common/ipc_channel_win.cc, line 346
[Child 12932, Chrome_ChildThread] WARNING: pipe error: 109: IPDL protocol error: Handler returned error code!

###!!! [Parent][DispatchAsyncMessage] Error: PLayerTransaction::Msg_ReleaseLayer Processing error: message was deserialized, but the handler returned false (indicating failure)

[Child 12876, Chrome_ChildThread] WARNING: pipe error: 109: file z:/build/build/src/ipc/chromium/src/chrome/common/ipc_channel_win.cc, line 346
[Child 12876, Chrome_ChildThread] WARNING: pipe e[Parent 400, Gecko_IOThread] WARNING: pipe error: 109: file z:/build/build/src/ipc/chromium/src/chrome/common/ipc_channel_win.cc, line 346
[Child 5272, Chrome_ChildThread] WARNING: pipe error: 109: file z:/build/build/src/ipc/chromium/src/chrome/common/ipc_channel_win.cc, line 346
[Child 5272, Chrom[GPU 776
###!!! [Child][MessageChannel::SendAndWait] Error: Channel error: cannot send/recv

1535641431066	geckodriver	INFO	geckodriver 0.21.0
1535641431092	geckodriver	INFO	Listening on 127.0.0.1:58699
1535641434130	mozrunner::runner	INFO	Running command: "C:\\Program Files\\Mozilla Firefox\\firefox.exe" "-marionette" "-foreground" "-no-remote" "-profile" "C:\\Users\\subha\\AppData\\Local\\Temp\\rust_mozprofile.qHpiaX0AaMRa"
Unable to read VR Path Registry from C:\Users\subha\AppData\Local\openvr\openvrpaths.vrpath
Unable to read VR Path Registry from C:\Users\subha\AppData\Local\openvr\openvrpaths.vrpath
Unable to read VR Path Registry from C:\Users\subha\AppData\Local\openvr\openvrpaths.vrpath
Unable to read VR Path Registry from C:\Users\subha\AppData\Local\openvr\openvrpaths.vrpath
Unable to read VR Path Registry from C:\Users\subha\AppData\Local\openvr\openvrpaths.vrpath
1535641436717	Marionette	INFO	Listening on port 58707
1535641436889	Marionette	WARN	TLS certificate errors will be ignored for this session
[Parent 2936, Gecko_IOThread] WARNING: pipe error: 109: file z:/build/build/src/ipc/chromium/src/chrome/common/ipc_channel_win.cc, line 346
[Child 12728, Chrome_ChildThread] WARNING: pipe error: 109: file z:/build/build/src/ipc/chromium/src/chrome/common/ipc_channel_win.cc, line 346
[Child 12728, Chrome_ChildThread] WARNING: pipe error: 109: file z:/build/build/src/ipc/chromium/src/chrome/common/ipc_channe[Parent 2936, Gecko_IOThread] WARNING: pipe error: 109: file z:/build/build/src/ipc/chromium/src/chrome/common/ipc_channel_win.cc, line 346
[Parent 2936, Gecko_IOThread] WARNING: pipe error: 109: file z:/build/build/src/ipc/chromium/src/chrome/common/ipc_channel_win.cc, line 346
[Child 1976, Chrome_ChildThread] WARNING: pipe error: 109: file z:/build/build/src/ipc/chromium/src/chrome/common/ipc_channel_win.cc, line 346
[Child 1976,[GPU 108
###!!! [Child][MessageChannel::SendAndWait] Error: Channel error: cannot send/recv

1535641535526	geckodriver	INFO	geckodriver 0.21.0
1535641535549	geckodriver	INFO	Listening on 127.0.0.1:58761
1535641538621	mozrunner::runner	INFO	Running command: "C:\\Program Files\\Mozilla Firefox\\firefox.exe" "-marionette" "-foreground" "-no-remote" "-profile" "C:\\Users\\subha\\AppData\\Local\\Temp\\rust_mozprofile.9wSxoMlGqxtH"
Unable to read VR Path Registry from C:\Users\subha\AppData\Local\openvr\openvrpaths.vrpath
Unable to read VR Path Registry from C:\Users\subha\AppData\Local\openvr\openvrpaths.vrpath
Unable to read VR Path Registry from C:\Users\subha\AppData\Local\openvr\openvrpaths.vrpath
Unable to read VR Path Registry from C:\Users\subha\AppData\Local\openvr\openvrpaths.vrpath
Unable to read VR Path Registry from C:\Users\subha\AppData\Local\openvr\openvrpaths.vrpath
1535641541671	Marionette	INFO	Listening on port 58769
1535641541863	Marionette	WARN	TLS certificate errors will be ignored for this session
[Parent 4628, Gecko_IOThread] WARNING: pipe error: 109: file z:/build/build/src/ipc/chromium/src/chrome/common/ipc_channel_win.cc, line 346
[Parent 4628, Gecko_IOThread] WARNING: pipe error: 109: file z:/build/build/src/ipc/chromium/src/chrome/common/ipc_channel_win.cc, line 346
[Child 12960, Chrome_ChildThread] WARNING: pipe error: 109: file z:/build/build/src/ipc/chromium/src/chrome/common/ipc_channel_win.cc, line 346
[Child 12960, Chrome_ChildThread] WARNING: pipe error: 109: file z:/build/build/src/ipc/chromium/src/chrome/co[Child 9152, Chrome_ChildThread] WARNING: pipe error: 109: file z:/build/build/src/ipc/chromium/src/chrome/common/ipc_channel_win.cc, line 346
[Child 9152, Chrome_ChildThread] WARNING: pipe error: 109: file z:/build/build/src/ipc/c[Parent 4628, Gecko_IOThread] WARNING: pipe error: 109: file z:/build/build/src/ipc/chromium/src/chrome/common/ipc_channel_win.cc, line 346
[GPU 13624,
###!!! [Child][MessageChannel::SendAndWait] Error: Channel error: cannot send/recv

1535643581741	geckodriver	INFO	geckodriver 0.21.0
1535643581760	geckodriver	INFO	Listening on 127.0.0.1:59091
1535643584832	mozrunner::runner	INFO	Running command: "C:\\Program Files\\Mozilla Firefox\\firefox.exe" "-marionette" "-foreground" "-no-remote" "-profile" "C:\\Users\\subha\\AppData\\Local\\Temp\\rust_mozprofile.9ceEg3p3700b"
Unable to read VR Path Registry from C:\Users\subha\AppData\Local\openvr\openvrpaths.vrpath
Unable to read VR Path Registry from C:\Users\subha\AppData\Local\openvr\openvrpaths.vrpath
Unable to read VR Path Registry from C:\Users\subha\AppData\Local\openvr\openvrpaths.vrpath
Unable to read VR Path Registry from C:\Users\subha\AppData\Local\openvr\openvrpaths.vrpath
Unable to read VR Path Registry from C:\Users\subha\AppData\Local\openvr\openvrpaths.vrpath
1535643588202	Marionette	INFO	Listening on port 59099
1535643588689	Marionette	WARN	TLS certificate errors will be ignored for this session
Unable to read VR Path Registry from C:\Users\subha\AppData\Local\openvr\openvrpaths.vrpath
[Parent 8936, Gecko_IOThread] WARNING: pipe error: 109: file z:/build/build/src/ipc/chromium/src/chrome/common/ipc_channel_win.cc, line 346
[Child 10628, Chrome_ChildThread] WARNING: pipe error: 109: file z:/build/build/src/ipc/chromium/src/chrome/common/ipc_channel_win.cc, line 346
[Child 10628, Chr[Parent 8936, Gecko_IOThread] WARNING: pipe error: 109: file z:/build/build/src/ipc/chromium/src/chrome/common/ipc_channel_win.cc, line 346
[Child 9096, Chrome_ChildThread] WARNING: pipe error: 109: file z:/build/build/src/ipc/chromium/src/chrome/common/ipc_channel_win.cc, line 346
[Child 9096,[Parent 8936, Gecko_IOThread] WARNING: pipe error: 109: file z:/build/build/src/ipc/chromium/src/chrome/common/ipc_channel_win.cc, line 346
[Child 9612, Chrome_ChildThread] WARNING: pipe error: 109: file z:/build/build/src/ipc/chromium/src/chrome/common/ipc_channel_win.cc, line 346
[Child 9612, Chrome_ChildThrea[Child 3944, Chrome_ChildThread] WARNING: pipe error: 109: file z:/build/build/src/ipc/chromium/src/chrome/common/ipc_channel_win.cc, line 346
[Child 3944, Chrome_[GPU 689
###!!! [Child][MessageChannel::SendAndWait] Error: Channel error: cannot send/recv

1535802569693	geckodriver	INFO	geckodriver 0.21.0
1535802569734	geckodriver	INFO	Listening on 127.0.0.1:50466
1535802572828	mozrunner::runner	INFO	Running command: "C:\\Program Files\\Mozilla Firefox\\firefox.exe" "-marionette" "-foreground" "-no-remote" "-profile" "C:\\Users\\subha\\AppData\\Local\\Temp\\rust_mozprofile.j320M6xByIQv"
Unable to read VR Path Registry from C:\Users\subha\AppData\Local\openvr\openvrpaths.vrpath
Unable to read VR Path Registry from C:\Users\subha\AppData\Local\openvr\openvrpaths.vrpath
Unable to read VR Path Registry from C:\Users\subha\AppData\Local\openvr\openvrpaths.vrpath
Unable to read VR Path Registry from C:\Users\subha\AppData\Local\openvr\openvrpaths.vrpath
Unable to read VR Path Registry from C:\Users\subha\AppData\Local\openvr\openvrpaths.vrpath
1535802575983	Marionette	INFO	Listening on port 50474
1535802576073	Marionette	WARN	TLS certificate errors will be ignored for this session
[Parent 12648, Gecko_IOThread] WARNING: pipe error: 109: file z:/build/build/src/ipc/chromium/src/chrome/common/ipc_channel_win.cc, line 346
[Parent 12648, Gecko_IOThread] WARNING: pipe error: 109: file z:/build/build/src/ipc/chromium/src/chrome/common/ipc_channel_win.cc, line 346
[Child 14504, Chrome_ChildThread] WARNING: pipe error: 109: file z:/build/build/src/ipc/chromium/src/chrome/common/ipc_channel_win.cc, line 346
[Child 14504, Chrome_ChildThread] WARNING: pipe error: 109: file z[Parent 12648, Gecko_IOThread] WARNING: pipe error: 109: file z:/build/build/src/ipc/chromium/src/chrome/common/ipc_channel_win.cc, line 346
[Child 4848, Chrome_ChildThread] WARNING: pipe error: 109: file z:/build/build/src/ipc/chromium/src/chrome/common/ipc_channel_win.cc, line 346
[Child 4848, Chrome_ChildThread][Parent 12648, Gecko_IOThread] WARNING: pipe error: 109: file z:/build/build/src/ipc/chromium/src/chrome/common/ipc_channel_win.cc, line 346
[Child 1472, Chrome_ChildThread] WARNING: pipe error: 109: file z:/build/build/src/ipc/chromium/src/chrome/common/ipc_channel_win.c[Parent 2128, Gecko_IOThread] WARNING: pipe error: 109: file z:/build/build/src/ipc/chromium/src/chrome/common/ipc_channel_win.cc, line 346
[Child 1908, Chrome_ChildThread] WARNING: pipe error: 109: file z:/build/build/src/ipc/chromium/src/chrome/common/ipc_channel_win.cc, line 346
[Child 1908, Chrome_IPDL protocol error: Handler returned error code!

###!!! [Parent][DispatchAsyncMessage] Error: PLayerTransaction::Msg_ReleaseLayer Processing error: message was deserialized, but the handler returned false (indicating failure)

[Parent 2128, Gecko_IOThread] WARNING: pipe error: 109: file z:/build/build/src/ipc/chromium/src/chrome/common/ipc_channel_win.cc, line 346
[Child 14580, Chrome_ChildThread] WARNING: pipe error: 109: file z:/build/build/src/ipc/chromium/src/chrome/common/ipc_channel_win.cc, line 346
[Child 1458[Parent 2128, Gecko_IOThread] WARNING: pipe error: 109: file z:/build/build/src/ipc/chromium/src/chrome/common/ipc_channel_win.cc, line 346
[Child 15268, Chrome_ChildThread] WARNING: pipe error: 109: file z:/build/build/src/ipc/chromium/src/chrome/common/ipc_channel_win.cc, line 346
[Child 152[GPU 9524, C
###!!! [Child][MessageChannel::SendAndWait] Error: Channel error: cannot send/recv

1535809092027	geckodriver	INFO	geckodriver 0.21.0
1535809092055	geckodriver	INFO	Listening on 127.0.0.1:52736
1535809095133	mozrunner::runner	INFO	Running command: "C:\\Program Files\\Mozilla Firefox\\firefox.exe" "-marionette" "-foreground" "-no-remote" "-profile" "C:\\Users\\subha\\AppData\\Local\\Temp\\rust_mozprofile.ePNxFLPduwfw"
Unable to read VR Path Registry from C:\Users\subha\AppData\Local\openvr\openvrpaths.vrpath
Unable to read VR Path Registry from C:\Users\subha\AppData\Local\openvr\openvrpaths.vrpath
Unable to read VR Path Registry from C:\Users\subha\AppData\Local\openvr\openvrpaths.vrpath
Unable to read VR Path Registry from C:\Users\subha\AppData\Local\openvr\openvrpaths.vrpath
Unable to read VR Path Registry from C:\Users\subha\AppData\Local\openvr\openvrpaths.vrpath
1535809097048	Marionette	INFO	Listening on port 52744
1535809097251	Marionette	WARN	TLS certificate errors will be ignored for this session
[Parent 12020, Gecko_IOThread] WARNING: pipe error: 109: file z:/build/build/src/ipc/chromium/src/chrome/common/ipc_channel_win.cc, line 346
[Child 8332, Chrome_ChildThread] WARNING: pipe error: 109: file z:/build/build/src/ipc/chromium/src/chrome/common/ipc_channel_win.cc, line 346
[Child 8332, Chrome_ChildThread] WARNING: pipe error: 109: file z:/build/build/src/ipc/chromium/src/chrome/common/ipc_channel_win.cc, line 346[Parent 12020, Gecko_IOThread] WARNING: pipe error: 109: file z:/build/build/src/ipc/chromium/src/chrome/common/ipc_channel_win.cc, line 346
[Child 8432, Chrome_ChildThread] WARNING: pipe error: 109: file z:/build/build/src/ipc/chromium/src/chrome/common/ipc_channel_win.cc, line 346
[Child 8432, Chrome_ChildThread] WARNING: pipe error: 109: file z:/build/build/src/ipc/chromium/src/chrome/common/ipc_channel_win.cc, line 346
[Parent 12020, Gecko_IOThread] WARNING: pipe error: 109: file z:/build/build/src/ipc/chromium/src/chrome/common/ipc_channel_win.cc, line 346
[
###!!! [Child][MessageChannel::SendAndWait] Error: Channel error: cannot send/recv

ld 5956, Chrome_ChildThread] WARNING: pipe error: 109: file z:/build/build/src/ipc/chromium/src/chrome/common/ipc_channel_win.cc, line 346
[Child 5956, Chrome_ChildThread] WARNING: pipe error: 109: file z:/build/build/src/ipc/chromium/src/chrome/common/ipc_channel_win.cc, line 346
[Parent 8936, Gecko_IOThread] WARNING: pipe error: 109: file z:/build/build/src/ipc/chromium/src/chrome/common/ipc_channel_win.cc, line 346
[Child 13788, Chrome_ChildThread] WARNING: pipe error: 109: file z:/build/build/src/ipc/chromium/src/chrome/common/ipc_channel_win.cc, line 346
[Child 13788, Chrome_ChildThread] WARNING: pipe err[Parent 8936, Gecko_IOThread] WARNING: pipe error: 109: file z:/build/build/src/ipc/chromium/src/chrome/common/ipc_channel_win.cc, line 346
[Child 5548, Chrome_ChildThread] WARN[Child 6784, Chrome_ChildThread] WARNING: pipe error: 109: file z:/build/build/src/ipc/chromium/src/chrome/common/ipc_channel_win.cc, line 346
[Child 6784, Chrome_ChildThread] WARNING: pipe error: 109: file z:/build/build/src/ipc/chromium/src/chrome/common/ipc_channel_win.cc, line 346
[Parent 13620, Gecko_IOThread] WARNING: pipe error: 109: file z:/build/build/src/ipc/chromium/src/chrome/common/ipc_channel_win.cc, line 346
[Child 5964, Chrome_ChildThread] WARNING: pipe error: 109: file z:/build/build/src/ipc/chromium/src/chrome/common/ipc_channel_win.cc, line 346
[Child 5964, Chrome_ChildThread] WARNING: pipe error: 109: file z:/build/build/src/[GPU 119
###!!! [Child][MessageChannel::SendAndWait] Error: Channel error: cannot send/recv

s\subha\AppData\Local\openvr\openvrpaths.vrpath
1535809394596	Marionette	INFO	Listening on port 52903
1535809394630	Marionette	WARN	TLS certificate errors will be ignored for this session
[Child 3956, Chrome_ChildThread] WARNING: pipe error: 109: file z:/build/build/src/ipc/chromium/src/chrome/common/ipc_channel_win.cc, line 346
[Child 3956, Chrome_ChildThread] WARNING: pipe error: 109: file z:/build/[Child 1388, Chrome_ChildThread] WARNING: pipe error: 109: file z:/build/build/src/ipc/chromium/src/chrome/common/ipc_channel_win.cc, line 346
[Child 1388, Chrome_ChildThread] WARNING: pipe error: 109: file z:/build/build/src/ipc/chromium/src/chrome/common/ipc_channel_win.cc, line 346
[Parent 15244, Gecko_IOThread] WARNING: pipe error: 109: file z:/build/build/src/ipc/chromium/src/chrome/common/ipc_channel_win.cc, line 346
[Child 11708, Chrome_ChildThread] WARNING: pipe error: 109: file z:/build/build/src/ipc/chromium/src/chrome/common/ipc_channel_win.cc, line 346
[Child 11708, Chrome_ChildThread] WARNING: pipe e[GPU 12
###!!! [Child][MessageChannel::SendAndWait] Error: Channel error: cannot send/recv

ession
[Child 5112, Chrome_ChildThread] WARNING: pipe error: 109: file z:/build/build/src/ipc/chromium/src/chrome/common/ipc_channel_win.cc, line 346
[Child 5112, Chrome_ChildThread] WARNING: pipe error: 109: file z:/build/build/src/ipc/chromium/[Parent 7536, Gecko_IOThread] WARNING: pipe error: 109: file z:/build/build/src/ipc/chromium/src/chrome/common/ipc_channel_win.cc, line 346
[Child 12888, Chrome_ChildThread] WARNING: pipe error: 109: file z:/build/build/src/ipc/chromium/src/chrome/common/ipc_channel_win.cc, line 346
[Child 12888, Chrome_ChildThread] WARNING: pipe error: 1[GPU 5
###!!! [Child][MessageChannel::SendAndWait] Error: Channel error: cannot send/recv

1535810172774	geckodriver	INFO	geckodriver 0.21.0
1535810172785	geckodriver	INFO	Listening on 127.0.0.1:53187
1535810175865	mozrunner::runner	INFO	Running command: "C:\\Program Files\\Mozilla Firefox\\firefox.exe" "-marionette" "-foreground" "-no-remote" "-profile" "C:\\Users\\subha\\AppData\\Local\\Temp\\rust_mozprofile.cvYcGVObxDnp"
Unable to read VR Path Registry from C:\Users\subha\AppData\Local\openvr\openvrpaths.vrpath
Unable to read VR Path Registry from C:\Users\subha\AppData\Local\openvr\openvrpaths.vrpath
Unable to read VR Path Registry from C:\Users\subha\AppData\Local\openvr\openvrpaths.vrpath
Unable to read VR Path Registry from C:\Users\subha\AppData\Local\openvr\openvrpaths.vrpath
Unable to read VR Path Registry from C:\Users\subha\AppData\Local\openvr\openvrpaths.vrpath
1535810177726	Marionette	INFO	Listening on port 53195
1535810177978	Marionette	WARN	TLS certificate errors will be ignored for this session
[Parent 11728, Gecko_IOThread] WARNING: pipe error: 109: file z:/build/build/src/ipc/chromium/src/chrome/common/ipc_channel_win.cc, line 346
[Child 16292, Chrome_ChildThread] WARNING: pipe error: 109: file z:/build/build/src/ipc/chromium/src/chrome/common/ipc_channel_win.cc, line 346
[Child 16292, Chrome_ChildThread] WARNING: pipe[Parent 11728, Gecko_IOThread] WARNING: pipe error: 109: file z:/build/build/src/ipc/chromium/src/chrome/common/ipc_channel_win.cc, line 346
[Parent 11728, Gecko_IOThread] WARNING: pipe error: 109: file z:/build/build/src/ipc/chromium/src/chrome/common/ipc_channel_win.cc, line 346
[Child 9844, Chrome_ChildThread] WARNING: pipe error: 109: file z:/build/build/src/ipc/chromium/src/chrome/common/ipc_channel_win.cc, line 346
[Child 9844, Chrome_ChildThread] WARNING: pipe error: 109: f[GPU 10052, Ch
###!!! [Child][MessageChannel::SendAndWait] Error: Channel error: cannot send/recv

d for this session
1535810317035	geckodriver	INFO	geckodriver 0.21.0
1535810317044	geckodriver	INFO	Listening on 127.0.0.1:53314
1535810320073	mozrunner::runner	INFO	Running command: "C:\\Program Files\\Mozilla Firefox\\firefox.exe" "-marionette" "-foreground" "-no-remote" "-profile" "C:\\Users\\subha\\AppData\\Local\\Temp\\rust_mozprofile.sCtWxHmCvdkQ"
Unable to read VR Path Registry from C:\Users\subha\AppData\Local\openvr\openvrpaths.vrpath
Unable to read VR Path Registry from C:\Users\subha\AppData\Local\openvr\openvrpaths.vrpath
Unable to read VR Path Registry from C:\Users\subha\AppData\Local\openvr\openvrpaths.vrpath
Unable to read VR Path Registry from C:\Users\subha\AppData\Local\openvr\openvrpaths.vrpath
Unable to read VR Path Registry from C:\Users\subha\AppData\Local\openvr\openvrpaths.vrpath
1535810321820	Marionette	INFO	Listening on port 53322
1535810322185	Marionette	WARN	TLS certificate errors will be ignored for this session
[Parent 8476, Gecko_IOThread] WARNING: pipe error: 109: file z:/build/build/src/ipc/chromium/src/chrome/common/ipc_channel_win.cc, line 346
[Parent 8476, Gecko_IOThread] WARNING: pipe error: 109: file z:/build/build/src/ipc/chromium/src/chrome/common/ipc_channel_win.cc, line 346
[Child 7824, Chrome_ChildThread] WARNING: pipe error: 109: file z:/build/build/src/ipc/chromium/src/chrome/common/ipc_channel_win.cc, line 346
[Child 7824, Chrome_ChildThread] WARNING: pipe error: 109: file z:/build/build/src/ipc/chromium/src/chrome/co[Parent 8476, Gecko_IOThread] WARNING: pipe error: 109: file z:/build/build/src/ipc/chromium/src/chrome/common/ipc_channel_win.cc, line 346
[*** UTM:SVC TimerManager:registerTimer called after profile-before-change notification. Ignoring timer registration for id: telemetry_modules_ping
[GPU 2996,
###!!! [Child][MessageChannel::SendAndWait] Error: Channel error: cannot send/recv

1535810338170	geckodriver	INFO	geckodriver 0.21.0
1535810338179	geckodriver	INFO	Listening on 127.0.0.1:53344
1535810341208	mozrunner::runner	INFO	Running command: "C:\\Program Files\\Mozilla Firefox\\firefox.exe" "-marionette" "-foreground" "-no-remote" "-profile" "C:\\Users\\subha\\AppData\\Local\\Temp\\rust_mozprofile.c5IuumpoGYWB"
Unable to read VR Path Registry from C:\Users\subha\AppData\Local\openvr\openvrpaths.vrpath
Unable to read VR Path Registry from C:\Users\subha\AppData\Local\openvr\openvrpaths.vrpath
Unable to read VR Path Registry from C:\Users\subha\AppData\Local\openvr\openvrpaths.vrpath
Unable to read VR Path Registry from C:\Users\subha\AppData\Local\openvr\openvrpaths.vrpath
Unable to read VR Path Registry from C:\Users\subha\AppData\Local\openvr\openvrpaths.vrpath
1535810342959	Marionette	INFO	Listening on port 53352
1535810343320	Marionette	WARN	TLS certificate errors will be ignored for this session
Unable to read VR Path Registry from C:\Users\subha\AppData\Local\openvr\openvrpaths.vrpath
[Parent 884, Gecko_IOThread] WARNING: pipe error: 109: file z:/build/build/src/ipc/chromium/src/chrome/common/ipc_channel_win.cc, line 346
[Child 4092, Chrome_ChildThread] WARNING: pipe error: 109: file z:/build/build/src/ipc/chromium/src/chrome/common/ipc_channel_win.cc, line 346
[Child 4092, Chrome_ChildThr[Parent 884, Gecko_IOThread] WARNING: pipe error: 109: file z:/build/build/src/ipc/chromium/src/chrome/common/ipc_channel_win.cc, line 346
[Parent 884, Gecko_IOThread] WARNING: pipe error: 109: file z:/build/build/src/ipc/chromium/src/chrome/common/ipc_channel_win.cc, line 346
[Child 15780, Chrome_ChildThread] WARNING: pipe error: 109: file z:/build/build/src/ipc/chromium/src/chrome/common/ipc_channel_win.cc, line 346
[Child 15780, Chrome_ChildThread] WARNING: pipe error: 109: file z:/build/build/src/ipc/chromium/src/chrome/common/ipc_channel_win.cc, line 346
[Child 15388, Chrome_ChildThread] WARNING: pipe error: 109: file z:/build/build/src/ipc/chromium/src/chrome/common/ipc_channel_win.cc, line 346

###!!! [Child][RunMessage] Error: Channel closing: too late to send/recv, messages will be lost

[Child 15388, Chrome_ChildThread] WARNING: pipe error: 109: file z:/build/build/src/ipc/chromium/src/chrome/common/ipc_channel_win.cc, line 346

###!!! [Child][RunMessage] Error: Channel closing: too late to send/recv, messages will be lost

[Child 8188, Chrome_ChildThread] WARNING: pipe error: 109: file z:/build/build/src/ipc/chromium/src/chrome/common/ipc_channel_win.cc, line 346
[Child 8188,
###!!! [Child][MessageChannel::SendAndWait] Error: Channel error: cannot send/recv

a\Local\openvr\openvrpaths.vrpath
1535810387810	Marionette	INFO	Listening on port 53441
1535810388114	Marionette	WARN	TLS certificate errors will be ignored for this session
1535810446777	geckodriver	INFO	geckodriver 0.21.0
1535810446786	geckodriver	INFO	Listening on 127.0.0.1:53503
1535810449804	mozrunner::runner	INFO	Running command: "C:\\Program Files\\Mozilla Firefox\\firefox.exe" "-marionette" "-foreground" "-no-remote" "-profile" "C:\\Users\\subha\\AppData\\Local\\Temp\\rust_mozprofile.UNIncWe8lP7u"
Unable to read VR Path Registry from C:\Users\subha\AppData\Local\openvr\openvrpaths.vrpath
Unable to read VR Path Registry from C:\Users\subha\AppData\Local\openvr\openvrpaths.vrpath
Unable to read VR Path Registry from C:\Users\subha\AppData\Local\openvr\openvrpaths.vrpath
Unable to read VR Path Registry from C:\Users\subha\AppData\Local\openvr\openvrpaths.vrpath
Unable to read VR Path Registry from C:\Users\subha\AppData\Local\openvr\openvrpaths.vrpath
1535810451877	Marionette	INFO	Listening on port 53512
1535810451956	Marionette	WARN	TLS certificate errors will be ignored for this session
[Parent 14456, Gecko_IOThread] WARNING: pipe error: 109: file z:/build/build/src/ipc/chromium/src/chrome/common/ipc_channel_win.cc, line 346
[Parent 14456, Gecko_IOThread] WARNING: pipe error: 109: file z:/build/build/src/ipc/chromium/src/chrome/common/ipc_channel_win.cc, line 346

###!!! [Child][MessageChannel] Error: (msgtype=0x49000F,name=PHttpChannel::Msg___delete__) Channel closing: too late to send/recv, messages will be lost

[Child 16980, Chrome_ChildThr
###!!! [Child][RunMessage] Error: Channel closing: too late to send/recv, messages will be lost

ead] WARNING: pipe error: 109: file z:/build/build/src/ipc/chromium/src/chrome/common/ipc_channel_win.cc, line 346
[Child 16980, Chrome_ChildThread] WARNING: pipe error: 109: file z:/build/build/src/ipc/chromium/src/ch[Parent 14456, Gecko_IOThread] WARNING: pipe error: 109: file z:/build/build/src/ipc/chromium/src/chrome/common/ipc_channel_win.cc, line 346
[Child 17020, Chrome_ChildThread] WARNING: pipe error: 109: file z:/build/build/src/ipc/chromium/src/chrome/common/ipc_channel_win.cc, line 346
[Child 17020, Chrome_ChildThread] WARNING: pipe error: 109: file z:/build/build/src/ipc/chr*** UTM:SVC TimerManager:registerTimer called after profile-before-change notification. Ignoring timer registration for id: telemetry_modules_ping
[GPU 17400, Ch
###!!! [Child][MessageChannel::SendAndWait] Error: Channel error: cannot send/recv

1535810489360	geckodriver	INFO	geckodriver 0.21.0
1535810489368	geckodriver	INFO	Listening on 127.0.0.1:53545
1535810492403	mozrunner::runner	INFO	Running command: "C:\\Program Files\\Mozilla Firefox\\firefox.exe" "-marionette" "-foreground" "-no-remote" "-profile" "C:\\Users\\subha\\AppData\\Local\\Temp\\rust_mozprofile.oCLaH9qWej6P"
Unable to read VR Path Registry from C:\Users\subha\AppData\Local\openvr\openvrpaths.vrpath
Unable to read VR Path Registry from C:\Users\subha\AppData\Local\openvr\openvrpaths.vrpath
Unable to read VR Path Registry from C:\Users\subha\AppData\Local\openvr\openvrpaths.vrpath
Unable to read VR Path Registry from C:\Users\subha\AppData\Local\openvr\openvrpaths.vrpath
Unable to read VR Path Registry from C:\Users\subha\AppData\Local\openvr\openvrpaths.vrpath
1535810494526	Marionette	INFO	Listening on port 53555
1535810494617	Marionette	WARN	TLS certificate errors will be ignored for this session
[Parent 17492, Gecko_IOThread] WARNING: pipe error: 109: file z:/build/build/src/ipc/chromium/src/chrome/common/ipc_channel_win.cc, line 346
[Parent 17492, Gecko_IOThread] WARNING: pipe error: 109: file z:/build/build/src/ipc/chromium/src/chrome/common/ipc_channel_win.cc, line 346
[Child 6632, Chrome_ChildThread] WARNING: pipe error: 109: file z:/build/bui[Child 16920, Chrome_ChildThread] WARNING: pipe error: 109: file z:/build/build/src/ipc/chromium/src/chrome/common/ipc_channel_win.cc, line 346
[Child 16920,[Child 17348, Chrome_ChildThread] WARNING: pipe error: 109: file z:/build/build/src/ipc/chromium/src/chrome/common/ipc_channel_win.cc, line 346
[Child 17348, Chrom*** UTM:SVC TimerManager:registerTimer called after profile-before-change notification. Ignoring timer registration for id: telemetry_modules_ping
[GPU 11068,
###!!! [Child][MessageChannel::SendAndWait] Error: Channel error: cannot send/recv

1535810538762	geckodriver	INFO	geckodriver 0.21.0
1535810538771	geckodriver	INFO	Listening on 127.0.0.1:53581
1535810541805	mozrunner::runner	INFO	Running command: "C:\\Program Files\\Mozilla Firefox\\firefox.exe" "-marionette" "-foreground" "-no-remote" "-profile" "C:\\Users\\subha\\AppData\\Local\\Temp\\rust_mozprofile.zFiOR1RzQdmO"
Unable to read VR Path Registry from C:\Users\subha\AppData\Local\openvr\openvrpaths.vrpath
Unable to read VR Path Registry from C:\Users\subha\AppData\Local\openvr\openvrpaths.vrpath
Unable to read VR Path Registry from C:\Users\subha\AppData\Local\openvr\openvrpaths.vrpath
Unable to read VR Path Registry from C:\Users\subha\AppData\Local\openvr\openvrpaths.vrpath
Unable to read VR Path Registry from C:\Users\subha\AppData\Local\openvr\openvrpaths.vrpath
1535810543509	Marionette	INFO	Listening on port 53589
1535810543914	Marionette	WARN	TLS certificate errors will be ignored for this session
[Parent 16968, Gecko_IOThread] WARNING: pipe error: 109: file z:/build/build/src/ipc/chromium/src/chrome/common/ipc_channel_win.cc, line 346
[Parent 16968, Gecko_IOThread] WARNING: pipe error: 109: file z:/build/build/src/ipc/chromium/src/chrome/common/ipc_channel_win.cc, line 346
[Child 16804, Chrome_ChildThread] WARNING: pipe error: 109: file z:/build/build/src/ipc/chromium/src/chrome/common/ipc_channel_win.cc, line 346
[Child 16804, Chrome_ChildThread] WARNING: pipe error: 109: file z:/build/build/src/ipc/chromium/src/chrome/common/ipc_channel_win.cc, line 346
[Parent 16968, Gecko_IOThread] WARNING: pipe error: 109: file z:/build/build/src/ipc/chromium/src/chrome/common/ipc_channel_win.cc, line 346
*** UTM:SVC TimerManager:registerTimer called after profile-before-change notification. Ignoring timer registration for id: telemetry_modules_ping
[GPU 1
###!!! [Child][MessageChannel::SendAndWait] Error: Channel error: cannot send/recv

1535810569649	geckodriver	INFO	geckodriver 0.21.0
1535810569658	geckodriver	INFO	Listening on 127.0.0.1:53613
1535810572681	mozrunner::runner	INFO	Running command: "C:\\Program Files\\Mozilla Firefox\\firefox.exe" "-marionette" "-foreground" "-no-remote" "-profile" "C:\\Users\\subha\\AppData\\Local\\Temp\\rust_mozprofile.ognceF337VFc"
Unable to read VR Path Registry from C:\Users\subha\AppData\Local\openvr\openvrpaths.vrpath
Unable to read VR Path Registry from C:\Users\subha\AppData\Local\openvr\openvrpaths.vrpath
Unable to read VR Path Registry from C:\Users\subha\AppData\Local\openvr\openvrpaths.vrpath
Unable to read VR Path Registry from C:\Users\subha\AppData\Local\openvr\openvrpaths.vrpath
Unable to read VR Path Registry from C:\Users\subha\AppData\Local\openvr\openvrpaths.vrpath
1535810574461	Marionette	INFO	Listening on port 53621
1535810574795	Marionette	WARN	TLS certificate errors will be ignored for this session
[Parent 18176, Gecko_IOThread] WARNING: pipe error: 109: file z:/build/build/src/ipc/chromium/src/chrome/common/ipc_channel_win.cc, line 346
[Child 16868, Chrome_ChildThread] WARNING: pipe error: 109: file z:/build/build/src/ipc/chromium/src/chrome/common/ipc_channel_win.cc, line 346
[Child 16868, Chrome_ChildThread] WARNING: pipe error: 109: file z:/build/build/src/ipc/chromium/src/chrome/common/ipc_chann[Child 17792, Chrome_ChildThread] WARNING: pipe error: 109: file z:/build/build/src/ipc/chromium/src/chrome/common/ipc_channel_win.cc, line 346
[Child 17792, Chrome_ChildThread] WARN[Parent 18176, Gecko_IOThread] WARNING: pipe error: 109: file z:/build/build/src/ipc/chromium/src/chrome/common/ipc_channel_win.cc, line 346
[Child 15944, Chrome_ChildThread] WARNING: pipe error: 109: file z:/build/build/src/ipc/chromium/src/chrome/common/ipc_channel_win.cc, line 346
[Child 15944, Chrome_ChildThread] WARNING: pipe error: 109: file z:/build/build/src/ipc/chromium/src/chrome/common/ipc_channel_win.cc, line 346
*** UTM:SVC TimerManager:registerTimer called after profile-before-change notification. Ignoring timer registration for id: telemetry_modules_ping
[GPU 18076
###!!! [Child][MessageChannel::SendAndWait] Error: Channel error: cannot send/recv

1535810640172	geckodriver	INFO	geckodriver 0.21.0
1535810640181	geckodriver	INFO	Listening on 127.0.0.1:53677
1535810643198	mozrunner::runner	INFO	Running command: "C:\\Program Files\\Mozilla Firefox\\firefox.exe" "-marionette" "-foreground" "-no-remote" "-profile" "C:\\Users\\subha\\AppData\\Local\\Temp\\rust_mozprofile.cZeGE2qc39xR"
Unable to read VR Path Registry from C:\Users\subha\AppData\Local\openvr\openvrpaths.vrpath
Unable to read VR Path Registry from C:\Users\subha\AppData\Local\openvr\openvrpaths.vrpath
Unable to read VR Path Registry from C:\Users\subha\AppData\Local\openvr\openvrpaths.vrpath
Unable to read VR Path Registry from C:\Users\subha\AppData\Local\openvr\openvrpaths.vrpath
Unable to read VR Path Registry from C:\Users\subha\AppData\Local\openvr\openvrpaths.vrpath
1535810644974	Marionette	INFO	Listening on port 53685
1535810645309	Marionette	WARN	TLS certificate errors will be ignored for this session
[Parent 18316, Gecko_IOThread] WARNING: pipe error: 109: file z:/build/build/src/ipc/chromium/src/chrome/common/ipc_channel_win.cc, line 346
[Child 17564, Chrome_ChildThread] WARNING: pipe error: 109: file z:/build/build/src/ipc/chromium/src/chrome/common/ipc_channel_win.cc, line 346
[Child 17564, Chrome_ChildThread] WARNING: pipe error: 109: file z:/build/build/src/ipc/chromium/src/chrome/common/ipc_channel_win.cc, line 346
[Parent 18316, Gecko_IOThread] WARNING: pipe error: 109: file z:/build/build/src/ipc/chromium/src/chrome/common/ipc_channel_win.cc, line 346
[Child 17608, Chrome_ChildThread] WARNING: pipe error: 109: file z:/build/build/src/ipc/chr[Parent 18316, Gecko_IOThread] WARNING: pipe error: 109: file z:/build/build/src/ipc/chromium/src/chrome/common/ipc_channel_win.cc, line 346
[Child 17664, Chrome_ChildThread] WARNING: pipe error: 109: file z:/build/build/src/ipc/chromium/src/chrome/common/ipc_channel_win.cc, line 346
[Child 17664, Chrome_ChildThread] WARNING: pipe error: 109: file z:/build/build/src/ipc/chromium/src/chrome/common/ipc_channel_win.cc, line 346
*** UTM:SVC TimerManager:registerTimer called after profile-before-change notification. Ignoring timer registration for id: telemetry_modules_ping
[GPU 17556, Chr
###!!! [Child][MessageChannel::SendAndWait] Error: Channel error: cannot send/recv

1535810664505	geckodriver	INFO	geckodriver 0.21.0
1535810664514	geckodriver	INFO	Listening on 127.0.0.1:53722
1535810667552	mozrunner::runner	INFO	Running command: "C:\\Program Files\\Mozilla Firefox\\firefox.exe" "-marionette" "-foreground" "-no-remote" "-profile" "C:\\Users\\subha\\AppData\\Local\\Temp\\rust_mozprofile.Ei2FoN72IE40"
Unable to read VR Path Registry from C:\Users\subha\AppData\Local\openvr\openvrpaths.vrpath
Unable to read VR Path Registry from C:\Users\subha\AppData\Local\openvr\openvrpaths.vrpath
Unable to read VR Path Registry from C:\Users\subha\AppData\Local\openvr\openvrpaths.vrpath
Unable to read VR Path Registry from C:\Users\subha\AppData\Local\openvr\openvrpaths.vrpath
Unable to read VR Path Registry from C:\Users\subha\AppData\Local\openvr\openvrpaths.vrpath
1535810669581	Marionette	INFO	Listening on port 53731
1535810669680	Marionette	WARN	TLS certificate errors will be ignored for this session
[Parent 16916, Gecko_IOThread] WARNING: pipe error: 109: file z:/build/build/src/ipc/chromium/src/chrome/common/ipc_channel_win.cc, line 346
[Parent 16916, Gecko_IOThread] WARNING: pipe error: 109: file z:/build/build/src/ipc/chromium/src/chrome/common/ipc_channel_win.cc, line 346
[Child 17928, Chrome_ChildThread] WARNING: pipe error: 109: file z:/build/build/src/ipc/chromium/src/chrome/common/ipc_channel_win.cc, line 346
[Child 17928, Chrome_ChildThread] WARNING: pipe error: 109: *** UTM:SVC TimerManager:registerTimer called after profile-before-change notification. Ignoring timer registration for id: telemetry_modules_ping
[GPU 16
###!!! [Child][MessageChannel::SendAndWait] Error: Channel error: cannot send/recv

1535810691894	geckodriver	INFO	geckodriver 0.21.0
1535810691902	geckodriver	INFO	Listening on 127.0.0.1:53751
1535810694947	mozrunner::runner	INFO	Running command: "C:\\Program Files\\Mozilla Firefox\\firefox.exe" "-marionette" "-foreground" "-no-remote" "-profile" "C:\\Users\\subha\\AppData\\Local\\Temp\\rust_mozprofile.wRj9t1x5vlw8"
Unable to read VR Path Registry from C:\Users\subha\AppData\Local\openvr\openvrpaths.vrpath
Unable to read VR Path Registry from C:\Users\subha\AppData\Local\openvr\openvrpaths.vrpath
Unable to read VR Path Registry from C:\Users\subha\AppData\Local\openvr\openvrpaths.vrpath
Unable to read VR Path Registry from C:\Users\subha\AppData\Local\openvr\openvrpaths.vrpath
Unable to read VR Path Registry from C:\Users\subha\AppData\Local\openvr\openvrpaths.vrpath
1535810696820	Marionette	INFO	Listening on port 53759
1535810697058	Marionette	WARN	TLS certificate errors will be ignored for this session
[Parent 16908, Gecko_IOThread] WARNING: pipe error: 109: file z:/build/build/src/ipc/chromium/src/chrome/common/ipc_channel_win.cc, line 346
[Parent 16908, Gecko_IOThread] WARNING: pipe error: 109: file z:/build/build/src/ipc/chromium/src/chrome/common/ipc_channel_win.cc, line 346
[Child 15276, Chrome_ChildThread] WARNING: pipe error: 109: file z:/build/build/src/ipc/chromium/src/chrome/common/ipc_channel_win.cc, line 346
[Child 15276, Chrome_ChildThread] WARNING: pipe error: 109: file z:/build/build/src/ipc/chromium/src/chrome/common/ipc_channel_win.cc, line 346
[Child 17188, Chrome_ChildThread] WARNING: pipe error: 109: file z:/build/build/src/ipc/chromium/src/chrome/common/ipc_channel_win.cc, line 346
[Child 17188, Chrome_ChildThread] WARNING: pipe error: [Child 16900, Chrome_ChildThread] WARNING: pipe error: 109: file z:/build/build/src/ipc/chromium/src/chrome/common/ipc_channel_win.cc, line 346
[Child 16900, *** UTM:SVC TimerManager:registerTimer called after profile-before-change notification. Ignoring timer registration for id: telemetry_modules_ping
[GPU 1218
###!!! [Child][MessageChannel::SendAndWait] Error: Channel error: cannot send/recv

1535810710966	geckodriver	INFO	geckodriver 0.21.0
1535810710974	geckodriver	INFO	Listening on 127.0.0.1:53783
1535810714003	mozrunner::runner	INFO	Running command: "C:\\Program Files\\Mozilla Firefox\\firefox.exe" "-marionette" "-foreground" "-no-remote" "-profile" "C:\\Users\\subha\\AppData\\Local\\Temp\\rust_mozprofile.QL3SgYalTS2H"
Unable to read VR Path Registry from C:\Users\subha\AppData\Local\openvr\openvrpaths.vrpath
Unable to read VR Path Registry from C:\Users\subha\AppData\Local\openvr\openvrpaths.vrpath
Unable to read VR Path Registry from C:\Users\subha\AppData\Local\openvr\openvrpaths.vrpath
Unable to read VR Path Registry from C:\Users\subha\AppData\Local\openvr\openvrpaths.vrpath
Unable to read VR Path Registry from C:\Users\subha\AppData\Local\openvr\openvrpaths.vrpath
1535810715746	Marionette	INFO	Listening on port 53791
1535810716111	Marionette	WARN	TLS certificate errors will be ignored for this session
[Parent 824, Gecko_IOThread] WARNING: pipe error: 109: file z:/build/build/src/ipc/chromium/src/chrome/common/ipc_channel_win.cc, line 346
[Parent 824, Gecko_IOThread] WARNING: pipe error: 109: file z:/build/build/src/ipc/chromium/src/chrome/common/ipc_channel_win.cc, line 346
[Child 17412, Chrome_ChildThread] WARNING: pipe error: 109: file z:/build/build/src/ipc/chromium/src/chrome/common/ipc_channel_win.cc, line 346
[Child 17412, Chrome_ChildThread] WARNING: pipe error: 109: file z:/build/build/src/ipc/chromium/src/chrome/common/ipc_channel_win.cc, line 346
[Child 18184, Chrome_ChildThread] WARNING: pipe error: 109: file z:/build/build/src/ipc/chromium/src/chrome/common/ipc_channel_win.cc, line 346
[Child 18184, Chrome_ChildThread] WARNING: pipe error: 109: file z:/[Parent 824, Gecko_IOThread] WARNING: pipe error: 109: file z:/build/build/src/ipc/chromium/src/chrome/common/ipc_channel_win.cc, line 346
[Child 15972, Chrome_ChildThread] WARNING: pipe error: 109: file z:/build/build/src/ipc/chromium/src/chrome/common/ipc_channel_win.cc, line 346
[Child 15972, Chrome_ChildThread] WARNING: pipe error: 109: file z:/build/build/src/ipc/chromium/src/chrome/common/ipc_channel_win.cc, line 346
*** UTM:SVC TimerManager:registerTimer called after profile-before-change notification. Ignoring timer registration for id: telemetry_modules_ping
[GPU 17664, Chrom
###!!! [Child][MessageChannel::SendAndWait] Error: Channel error: cannot send/recv

1535810758567	geckodriver	INFO	geckodriver 0.21.0
1535810758577	geckodriver	INFO	Listening on 127.0.0.1:53819
1535810761616	mozrunner::runner	INFO	Running command: "C:\\Program Files\\Mozilla Firefox\\firefox.exe" "-marionette" "-foreground" "-no-remote" "-profile" "C:\\Users\\subha\\AppData\\Local\\Temp\\rust_mozprofile.YuzNjdtAbHlj"
Unable to read VR Path Registry from C:\Users\subha\AppData\Local\openvr\openvrpaths.vrpath
Unable to read VR Path Registry from C:\Users\subha\AppData\Local\openvr\openvrpaths.vrpath
Unable to read VR Path Registry from C:\Users\subha\AppData\Local\openvr\openvrpaths.vrpath
Unable to read VR Path Registry from C:\Users\subha\AppData\Local\openvr\openvrpaths.vrpath
Unable to read VR Path Registry from C:\Users\subha\AppData\Local\openvr\openvrpaths.vrpath
1535810763576	Marionette	INFO	Listening on port 53828
1535810763751	Marionette	WARN	TLS certificate errors will be ignored for this session
[Child 15672, Chrome_ChildThread] WARNING: pipe error: 109: file z:/build/build/src/ipc/chromium/src/chrome/common/ipc_channel_win.cc, line 346
[Child 15672, Chrome_ChildThread] WARNING: pipe error: 109: file z:/build/build/src/ipc/chromium/src/chrome/common/ipc_channel_win.cc, line 346
[Parent 17680, Gecko_IOThread] WARNING: pipe error: 109: file z:/build/build/src/ipc/chromium/src/chrome/common/ipc_channel_win.cc, line 346
*** UTM:SVC TimerManager:registerTimer called after profile-before-change notification. Ignoring timer registration for id: telemetry_modules_ping
[GPU 1689
###!!! [Child][MessageChannel::SendAndWait] Error: Channel error: cannot send/recv

1535810788510	geckodriver	INFO	geckodriver 0.21.0
1535810788518	geckodriver	INFO	Listening on 127.0.0.1:53847
1535810791546	mozrunner::runner	INFO	Running command: "C:\\Program Files\\Mozilla Firefox\\firefox.exe" "-marionette" "-foreground" "-no-remote" "-profile" "C:\\Users\\subha\\AppData\\Local\\Temp\\rust_mozprofile.OzMmHwsVJYfi"
Unable to read VR Path Registry from C:\Users\subha\AppData\Local\openvr\openvrpaths.vrpath
Unable to read VR Path Registry from C:\Users\subha\AppData\Local\openvr\openvrpaths.vrpath
Unable to read VR Path Registry from C:\Users\subha\AppData\Local\openvr\openvrpaths.vrpath
Unable to read VR Path Registry from C:\Users\subha\AppData\Local\openvr\openvrpaths.vrpath
Unable to read VR Path Registry from C:\Users\subha\AppData\Local\openvr\openvrpaths.vrpath
1535810793275	Marionette	INFO	Listening on port 53855
1535810793657	Marionette	WARN	TLS certificate errors will be ignored for this session
[Parent 17396, Gecko_IOThread] WARNING: pipe error: 109: file z:/build/build/src/ipc/chromium/src/chrome/common/ipc_channel_win.cc, line 346
[Parent 17396, Gecko_IOThread] WARNING: pipe error: 109: file z:/build/build/src/ipc/chromium/src/chrome/common/ipc_channel_win.cc, line 346
[Child 16484, Chrome_ChildThread] WARNING: pipe error: 109: file z:/build/build/src/ipc/chromium/src/chrome/common/ipc_channel_win.cc, line 346
[Child 16484, Chrome_ChildThread] WARNING: pipe error: 10[Child 8708, Chrome_ChildThread] WARNING: pipe error: 109: file z:/build/build/src/ipc/chromium/src/chrome/common/ipc_channel_win.cc, line 346
[Child 8708, Chrome_ChildThread] WARNING: pipe error: 10[Parent 17396, Gecko_IOThread] WARNING: pipe error: 109: file z:/build/build/src/ipc/chromium/src/chrome/common/ipc_channel_win.cc, line 346
[Child 16004, Chrome_ChildThread] WARNING: pipe error: 109: file z:/build/build/src/ipc/chromium/src/chrome/common/ipc_channel_win.cc, line 346
[Child 16004, *** UTM:SVC TimerManager:registerTimer called after profile-before-change notification. Ignoring timer registration for id: telemetry_modules_ping
[GPU 16884, Chrome_
###!!! [Child][MessageChannel::SendAndWait] Error: Channel error: cannot send/recv

1535810808594	geckodriver	INFO	geckodriver 0.21.0
1535810808604	geckodriver	INFO	Listening on 127.0.0.1:53877
1535810811632	mozrunner::runner	INFO	Running command: "C:\\Program Files\\Mozilla Firefox\\firefox.exe" "-marionette" "-foreground" "-no-remote" "-profile" "C:\\Users\\subha\\AppData\\Local\\Temp\\rust_mozprofile.JLJg2BxSqaaq"
Unable to read VR Path Registry from C:\Users\subha\AppData\Local\openvr\openvrpaths.vrpath
Unable to read VR Path Registry from C:\Users\subha\AppData\Local\openvr\openvrpaths.vrpath
Unable to read VR Path Registry from C:\Users\subha\AppData\Local\openvr\openvrpaths.vrpath
Unable to read VR Path Registry from C:\Users\subha\AppData\Local\openvr\openvrpaths.vrpath
Unable to read VR Path Registry from C:\Users\subha\AppData\Local\openvr\openvrpaths.vrpath
1535810813390	Marionette	INFO	Listening on port 53885
1535810813742	Marionette	WARN	TLS certificate errors will be ignored for this session
[Parent 17864, Gecko_IOThread] WARNING: pipe error: 109: file z:/build/build/src/ipc/chromium/src/chrome/common/ipc_channel_win.cc, line 346
[Parent 17864, Gecko_IOThread] WARNING: pipe error: 109: file z:/build/build/src/ipc/chromium/src/chrome/common/ipc_channel_win.cc, line 346
[Child 11312, Chrome_ChildThread] WARNING: pipe error: 109: file z:/build/build/src/ipc/chromium/src/chrome/common/ipc_channel_win.cc, line 346
[Child 11312, Chrome_ChildThread] WARNING: pipe error: 109: file z:/build/build/src/ipc/chromium/src/chrome[Parent 17864, Gecko_IOThread] WARNING: pipe error: 109: file z:/build/build/src/ipc/chromium/src/chrome/common/ipc_channel_win.cc, line 346
[Child 16512, Chrome_ChildThread] WARNING: pipe error: 109: file z:/build/build/src/ipc/chromium/src/chrome/common/ipc_channel_win.cc, line 346
[Child 16512, Chrom*** UTM:SVC TimerManager:registerTimer called after profile-before-change notification. Ignoring timer registration for id: telemetry_modules_ping

###!!! [Child][MessageChannel::SendAndWait] Error: Channel error: cannot send/recv

1535810869849	geckodriver	INFO	geckodriver 0.21.0
1535810869858	geckodriver	INFO	Listening on 127.0.0.1:53908
1535810872895	mozrunner::runner	INFO	Running command: "C:\\Program Files\\Mozilla Firefox\\firefox.exe" "-marionette" "-foreground" "-no-remote" "-profile" "C:\\Users\\subha\\AppData\\Local\\Temp\\rust_mozprofile.XcRFwIklCi5v"
Unable to read VR Path Registry from C:\Users\subha\AppData\Local\openvr\openvrpaths.vrpath
Unable to read VR Path Registry from C:\Users\subha\AppData\Local\openvr\openvrpaths.vrpath
Unable to read VR Path Registry from C:\Users\subha\AppData\Local\openvr\openvrpaths.vrpath
Unable to read VR Path Registry from C:\Users\subha\AppData\Local\openvr\openvrpaths.vrpath
Unable to read VR Path Registry from C:\Users\subha\AppData\Local\openvr\openvrpaths.vrpath
1535810874606	Marionette	INFO	Listening on port 53918
1535810875003	Marionette	WARN	TLS certificate errors will be ignored for this session
[Parent 17124, Gecko_IOThread] WARNING: pipe error: 109: file z:/build/build/src/ipc/chromium/src/chrome/common/ipc_channel_win.cc, line 346
[Parent 17124, Gecko_IOThread] WARNING: pipe error: 109: file z:/build/build/src/ipc/chromium/src/chrome/common/ipc_channel_win.cc, line 346
[Child 2544, Chrome_ChildThread] WARNING: pipe error: 109: file z:/build/build/src/ipc/chromium/src/chrome/common/ipc_channel_win.cc, line 346
[Child 2544, Chrome_Chil*** UTM:SVC TimerManager:registerTimer called after profile-before-change notification. Ignoring timer registration for id: telemetry_modules_ping
[GPU 178
###!!! [Child][MessageChannel::SendAndWait] Error: Channel error: cannot send/recv

1535810919631	geckodriver	INFO	geckodriver 0.21.0
1535810919639	geckodriver	INFO	Listening on 127.0.0.1:53951
1535810922669	mozrunner::runner	INFO	Running command: "C:\\Program Files\\Mozilla Firefox\\firefox.exe" "-marionette" "-foreground" "-no-remote" "-profile" "C:\\Users\\subha\\AppData\\Local\\Temp\\rust_mozprofile.qxuAWrZ83M7m"
Unable to read VR Path Registry from C:\Users\subha\AppData\Local\openvr\openvrpaths.vrpath
Unable to read VR Path Registry from C:\Users\subha\AppData\Local\openvr\openvrpaths.vrpath
Unable to read VR Path Registry from C:\Users\subha\AppData\Local\openvr\openvrpaths.vrpath
Unable to read VR Path Registry from C:\Users\subha\AppData\Local\openvr\openvrpaths.vrpath
Unable to read VR Path Registry from C:\Users\subha\AppData\Local\openvr\openvrpaths.vrpath
1535810924642	Marionette	INFO	Listening on port 53959
1535810924801	Marionette	WARN	TLS certificate errors will be ignored for this session
[Parent 17756, Gecko_IOThread] WARNING: pipe error: 109: file z:/build/build/src/ipc/chromium/src/chrome/common/ipc_channel_win.cc, line 346
[Child 18160, Chrome_ChildThread] WARNING: pipe error: 109: file z:/build/build/src/ipc/chromium/src/chrome/common/ipc_channel_win.cc, line 346
[Child 18160, Chrome_ChildThread] WARNING: pipe error: 109: file z:/build/build/src/ipc/chromium/src/chrome/common/ipc_channel_win.cc, line 346
[Parent 17756, Gecko_IOThread] WARNING: pipe error: 109: file z:/build/build/src/ipc/chromium/src/chrome/common/ipc_channel_win.cc, line 346
[Parent 17756, Gecko_IOThread] WARNING: pipe error: 109: file z:/build/build/src/ipc/chromium/src/chrome/common/ipc_channel_win.cc, line 346
*** UTM:SVC TimerManager:registerTimer called after profile-before-change notification. Ignoring timer registration for id: telemetry_modules_ping
[GPU 17
###!!! [Child][MessageChannel::SendAndWait] Error: Channel error: cannot send/recv

1535811071110	geckodriver	INFO	geckodriver 0.21.0
1535811071118	geckodriver	INFO	Listening on 127.0.0.1:54000
1535811074155	mozrunner::runner	INFO	Running command: "C:\\Program Files\\Mozilla Firefox\\firefox.exe" "-marionette" "-foreground" "-no-remote" "-profile" "C:\\Users\\subha\\AppData\\Local\\Temp\\rust_mozprofile.VUMZG62AxVJk"
Unable to read VR Path Registry from C:\Users\subha\AppData\Local\openvr\openvrpaths.vrpath
Unable to read VR Path Registry from C:\Users\subha\AppData\Local\openvr\openvrpaths.vrpath
Unable to read VR Path Registry from C:\Users\subha\AppData\Local\openvr\openvrpaths.vrpath
Unable to read VR Path Registry from C:\Users\subha\AppData\Local\openvr\openvrpaths.vrpath
Unable to read VR Path Registry from C:\Users\subha\AppData\Local\openvr\openvrpaths.vrpath
1535811076027	Marionette	INFO	Listening on port 54008
1535811076268	Marionette	WARN	TLS certificate errors will be ignored for this session
[Parent 18348, Gecko_IOThread] WARNING: pipe error: 109: file z:/build/build/src/ipc/chromium/src/chrome/common/ipc_channel_win.cc, line 346
[Parent 18348, Gecko_IOThread] WARNING: pipe error: 109: file z:/build/build/src/ipc/chromium/src/chrome/common/ipc_channel_win.cc, line 346
[Child 16528, Chrome_ChildThread] WARNING: pipe error: 109: file z:/build/build/src/ipc/chromium/src/chrome/common/ipc_channel_win.cc, line 346
[Child 16528, Chrome_ChildT[Parent 18348, Gecko_IOThread] WARNING: pipe error: 109: file z:/build/build/src/ipc/chromium/src/chrome/common/ipc_channel_win.cc, line 346
[Child 18200, Chrome_ChildThread] WARNING: pipe error: 109: file z:/build/build/src/ipc/chromium/src/chrome/common/ipc_channel_win.cc, line 346
[Child 18200, Chrome_ChildThread] WARNING*** UTM:SVC TimerManager:registerTimer called after profile-before-change notification. Ignoring timer registration for id: telemetry_modules_ping
[GPU 17748, Chr
###!!! [Child][MessageChannel::SendAndWait] Error: Channel error: cannot send/recv

1535811701203	geckodriver	INFO	geckodriver 0.21.0
1535811701211	geckodriver	INFO	Listening on 127.0.0.1:54137
1535811704289	mozrunner::runner	INFO	Running command: "C:\\Program Files\\Mozilla Firefox\\firefox.exe" "-marionette" "-foreground" "-no-remote" "-profile" "C:\\Users\\subha\\AppData\\Local\\Temp\\rust_mozprofile.vt6CGNow0bR4"
Unable to read VR Path Registry from C:\Users\subha\AppData\Local\openvr\openvrpaths.vrpath
Unable to read VR Path Registry from C:\Users\subha\AppData\Local\openvr\openvrpaths.vrpath
Unable to read VR Path Registry from C:\Users\subha\AppData\Local\openvr\openvrpaths.vrpath
Unable to read VR Path Registry from C:\Users\subha\AppData\Local\openvr\openvrpaths.vrpath
Unable to read VR Path Registry from C:\Users\subha\AppData\Local\openvr\openvrpaths.vrpath
1535811706001	Marionette	INFO	Listening on port 54145
1535811706402	Marionette	WARN	TLS certificate errors will be ignored for this session
[Parent 17148, Gecko_IOThread] WARNING: pipe error: 109: file z:/build/build/src/ipc/chromium/src/chrome/common/ipc_channel_win.cc, line 346
[Child 15476, Chrome_ChildThread] WARNING: pipe error: 109: file z:/build/build/src/ipc/chromium/src/chrome/common/ipc_channel_win.cc, line 346
[Child 15476, Chrome_ChildThre[Child 7444, Chrome_ChildThread] WARNING: pipe error: 109: file z:/build/build/src/ipc/chromium/src/chrome/common/ipc_channel_win.cc, line 346
[Child 7444, Chrome_ChildThread] WARNING: pipe error: 109: file z:/build/build/src/ipc/chromium/src/chrome/common/ipc_chan[Parent 17148, Gecko_IOThread] WARNING: pipe error: 109: file z:/build/build/src/ipc/chromium/src/chrome/common/ipc_channel_win.cc, line 346
[Child 1908, Chrome_ChildThread] WARNING: pipe error: 109: file z:/build/build/src/ipc/chromium/src/chrome/common/ipc_channel_win.cc, line 346
[Child 1908, Chrome_ChildThr*** UTM:SVC TimerManager:registerTimer called after profile-before-change notification. Ignoring timer registration for id: telemetry_modules_ping
[GPU 18144, Chr
###!!! [Child][MessageChannel::SendAndWait] Error: Channel error: cannot send/recv

1535811783259	geckodriver	INFO	geckodriver 0.21.0
1535811783268	geckodriver	INFO	Listening on 127.0.0.1:54171
1535811786297	mozrunner::runner	INFO	Running command: "C:\\Program Files\\Mozilla Firefox\\firefox.exe" "-marionette" "-foreground" "-no-remote" "-profile" "C:\\Users\\subha\\AppData\\Local\\Temp\\rust_mozprofile.QjKeFccTLJ5G"
Unable to read VR Path Registry from C:\Users\subha\AppData\Local\openvr\openvrpaths.vrpath
Unable to read VR Path Registry from C:\Users\subha\AppData\Local\openvr\openvrpaths.vrpath
Unable to read VR Path Registry from C:\Users\subha\AppData\Local\openvr\openvrpaths.vrpath
Unable to read VR Path Registry from C:\Users\subha\AppData\Local\openvr\openvrpaths.vrpath
Unable to read VR Path Registry from C:\Users\subha\AppData\Local\openvr\openvrpaths.vrpath
1535811788038	Marionette	INFO	Listening on port 54179
1535811788406	Marionette	WARN	TLS certificate errors will be ignored for this session
[Parent 15332, Gecko_IOThread] WARNING: pipe error: 109: file z:/build/build/src/ipc/chromium/src/chrome/common/ipc_channel_win.cc, line 346
[Parent 15332, Gecko_IOThread] WARNING: pipe error: 109: file z:/build/build/src/ipc/chromium/src/chrome/common/ipc_channel_win.cc, line 346
[Parent 15332, Gecko_IOThread] WARNING: pipe error: 109: file z:/build/build/src/ipc/chromium/src/chrome/common/ipc_channel_win.cc, line 346
[Child 3796, Chrome_ChildThread] WARNING: pipe error: 109: file z:/build/build/src/ipc/chromium/src/chrome/common/ipc_channel_win.cc, line 346
[Child 3796, Chrome_ChildThread] WARNING: pipe error: 109: file z:/build/build/src/ipc/chrom*** UTM:SVC TimerManager:registerTimer called after profile-before-change notification. Ignoring timer registration for id: telemetry_modules_ping
[GPU 16024,
###!!! [Child][MessageChannel::SendAndWait] Error: Channel error: cannot send/recv

1535815194630	geckodriver	INFO	geckodriver 0.21.0
1535815194639	geckodriver	INFO	Listening on 127.0.0.1:55448
1535815197684	mozrunner::runner	INFO	Running command: "C:\\Program Files\\Mozilla Firefox\\firefox.exe" "-marionette" "-foreground" "-no-remote" "-profile" "C:\\Users\\subha\\AppData\\Local\\Temp\\rust_mozprofile.YZGzUNflEGaF"
Unable to read VR Path Registry from C:\Users\subha\AppData\Local\openvr\openvrpaths.vrpath
Unable to read VR Path Registry from C:\Users\subha\AppData\Local\openvr\openvrpaths.vrpath
Unable to read VR Path Registry from C:\Users\subha\AppData\Local\openvr\openvrpaths.vrpath
Unable to read VR Path Registry from C:\Users\subha\AppData\Local\openvr\openvrpaths.vrpath
Unable to read VR Path Registry from C:\Users\subha\AppData\Local\openvr\openvrpaths.vrpath
1535815199332	Marionette	INFO	Listening on port 55456
1535815199794	Marionette	WARN	TLS certificate errors will be ignored for this session
[Parent 4140, Gecko_IOThread] WARNING: pipe error: 109: file z:/build/build/src/ipc/chromium/src/chrome/common/ipc_channel_win.cc, line 346
[Parent 4140, Gecko_IOThread] WARNING: pipe error: 109: file z:/build/build/src/ipc/chromium/src/chrome/common/ipc_channel_win.cc, line 346
[Child 8056, Chrome_ChildThread] WARNING: pipe error: 109: file z:/build/build/src/ipc/chromium/src/chrome/common/ipc_channel_win.cc, line 346
[Child 8056, Chrome_ChildThread] WARNING: pipe error: 109: file z:/build/build/src/ipc/chromium/src/chrome/common/ipc_channel_win.cc, line 346
[Parent 4140, Gecko_IOThread] WARNING: pipe error: 109: file z:/build/build/src/ipc/chromium/src/chrome/common/ipc_channel_win.cc, line 346
[Child 15832, Chrome_ChildThread] WARNING: pipe error: 109: file z:/build/build/src/ipc/chromium/src/chrome/common/ipc_channel_win.cc, line 346
[Child 15832, Chrome_ChildThrea[Parent 4140, Gecko_IOThread] WARNING: pipe error: 109: file z:/build/build/src/ipc/chromium/src/chrome/common/ipc_channel_win.cc, line 346
[Child 7872, Chrome_ChildThread] WARNING: pipe error: 109: file z:/build/build/src/ipc/chromium/src/chrome/common/ipc_channel_win.cc, line 346
[Child 7872, Chrome_Child[GPU 11336,
###!!! [Child][MessageChannel::SendAndWait] Error: Channel error: cannot send/recv

